2016-02-17 15:58:01,778 - transaction - WARNING - warn message
2016-02-17 15:58:01,778 - transaction - ERROR - error message
2016-02-17 15:58:01,778 - transaction - CRITICAL - critical message
2016-02-17 17:43:09,001 - transaction - INFO - account:1234   action:withdraw    amount:1000.0   interest:50.0
2016-02-17 17:43:09,001 - transaction - INFO - account:1234   action:withdraw    amount:1000.0   interest:50.0
2016-02-17 17:44:38,292 - transaction - INFO - account:1234   action:withdraw    amount:3000.0   interest:150.0
2016-02-17 17:44:38,292 - transaction - INFO - account:1234   action:withdraw    amount:3000.0   interest:150.0
2016-02-17 17:45:44,927 - transaction - INFO - account:1234   action:withdraw    amount:1000.0   interest:50.0
2016-02-17 17:45:44,927 - transaction - INFO - account:1234   action:withdraw    amount:1000.0   interest:50.0
2016-02-17 17:45:59,967 - transaction - INFO - account:1234   action:withdraw    amount:2000.0   interest:100.0
2016-02-17 17:45:59,967 - transaction - INFO - account:1234   action:withdraw    amount:2000.0   interest:100.0
2016-02-17 17:46:26,080 - transaction - INFO - account:1234   action:withdraw    amount:10.0   interest:0.5
2016-02-17 17:46:26,080 - transaction - INFO - account:1234   action:withdraw    amount:10.0   interest:0.5
2016-02-17 17:50:40,369 - transaction - INFO - account:1234   action:withdraw    amount:100.0   interest:5.0
2016-02-17 17:50:57,418 - transaction - INFO - account:1234   action:withdraw    amount:99.0   interest:4.95
2016-02-17 17:53:17,927 - transaction - INFO - account:1234   action:withdraw    amount:900.0   interest:45.0
2016-02-17 17:53:22,007 - transaction - INFO - account:1234   action:withdraw    amount:9000.0   interest:450.0
2016-02-17 17:55:54,325 - transaction - INFO - account:1234   action:repay    amount:300.0   interest:0.0
2016-02-17 17:55:57,966 - transaction - INFO - account:1234   action:repay    amount:30000.0   interest:0.0
2016-02-17 17:56:10,630 - transaction - INFO - account:1234   action:withdraw    amount:10000.0   interest:500.0
2016-08-20 09:51:36,616 - transaction - INFO - account:1234   action:repay    amount:300.0   interest:0.0
2016-08-20 09:51:58,501 - transaction - INFO - account:1234   action:withdraw    amount:523.0   interest:26.150000000000002
2018-03-11 02:53:30,412 - transaction - INFO - account:1234   action:repay    amount:5000.0   interest:0.0
2018-03-11 02:53:40,624 - transaction - INFO - account:1234   action:repay    amount:435.0   interest:0.0
2018-03-11 03:27:17,214 - transaction - INFO - account:1234   action:repay    amount:425332452.0   interest:0.0
2018-03-11 03:28:02,776 - transaction - INFO - account:1234   action:repay    amount:453.0   interest:0.0
2018-03-11 03:28:03,851 - transaction - INFO - account:1234   action:repay    amount:435.0   interest:0.0
2018-03-11 03:28:04,526 - transaction - INFO - account:1234   action:repay    amount:3453.0   interest:0.0
2018-03-11 03:28:05,251 - transaction - INFO - account:1234   action:repay    amount:345.0   interest:0.0
2018-03-11 03:28:42,651 - transaction - INFO - account:1234   action:withdraw    amount:500.0   interest:25.0
2018-03-11 03:51:38,062 - transaction - INFO - account:1234   action:repay    amount:324.0   interest:0.0
2018-03-11 03:51:51,492 - transaction - INFO - account:1234   action:repay    amount:54353.0   interest:0.0
2018-03-11 03:52:05,961 - transaction - INFO - account:1234   action:withdraw    amount:10000000.0   interest:500000.0
2018-03-11 03:52:55,036 - transaction - INFO - account:1234   action:withdraw    amount:1000.0   interest:50.0
2018-03-11 04:13:47,807 - transaction - INFO - account:1234   action:repay    amount:10.0   interest:0.0
2018-03-11 04:15:20,882 - transaction - INFO - account:1234   action:repay    amount:543.0   interest:0.0
2018-03-11 04:16:17,045 - transaction - INFO - account:1234   action:repay    amount:74589723.0   interest:0.0
2018-03-11 04:16:48,995 - transaction - INFO - account:1234   action:repay    amount:4573289568906.0   interest:0.0
2018-03-11 04:18:36,208 - transaction - INFO - account:1234   action:repay    amount:1.0   interest:0.0
2018-03-11 04:19:19,421 - transaction - INFO - account:1234   action:repay    amount:34.0   interest:0.0
2018-03-11 04:19:29,421 - transaction - INFO - account:1234   action:repay    amount:798024357836326.0   interest:0.0
2018-03-11 04:20:24,947 - transaction - INFO - account:1234   action:repay    amount:400.0   interest:0.0
2018-03-11 04:23:41,972 - transaction - INFO - account:1234   action:repay    amount:100.0   interest:0.0
2018-03-11 04:24:05,410 - transaction - INFO - account:1234   action:withdraw    amount:6000.0   interest:300.0
2018-03-11 04:25:15,203 - transaction - INFO - account:1234   action:withdraw    amount:7000.0   interest:350.0
2018-03-11 04:25:24,979 - transaction - INFO - account:1234   action:withdraw    amount:600.0   interest:30.0
2018-03-11 04:25:29,479 - transaction - INFO - account:1234   action:withdraw    amount:50.0   interest:2.5
2018-03-11 04:25:44,279 - transaction - INFO - account:1234   action:withdraw    amount:5000.0   interest:250.0
2018-03-11 04:25:56,280 - transaction - INFO - account:1234   action:withdraw    amount:32.0   interest:1.6
2018-03-11 04:26:00,468 - transaction - INFO - account:1234   action:withdraw    amount:500.0   interest:25.0
2018-03-11 04:34:44,318 - transaction - INFO - account:1234   action:repay    amount:1.0   interest:0.0
2018-03-11 04:55:05,474 - transaction - INFO - account:56780000   action:repay    amount:1000.0   interest:0.0
2018-03-11 05:26:29,304 - transaction - INFO - account:1234000000000000   action:repay    amount:2000.0   interest:0.0
2018-03-11 05:28:08,304 - transaction - INFO - account:1234000000000000   action:repay    amount:4000.0   interest:0.0
2018-03-11 05:37:48,766 - transaction - INFO - account:4380888918798356   action:repay    amount:100.0   interest:0.0
2018-03-11 05:42:52,917 - transaction - INFO - ACCOUNT: 1234 0000 0000 0000,
ACTION: repay,
AMOUNT: 500,0.0,
INTEREST: 0.0
.
2018-03-11 05:44:32,218 - transaction - INFO - 
ACCOUNT: 1234 0000 0000 0000,
ACTION: repay,
AMOUNT: 455,6.0,
INTEREST: 0.0
.
2018-03-11 05:44:51,167 - transaction - INFO - 
ACCOUNT: 1234 0000 0000 0000,
ACTION: repay,
AMOUNT: 564,6.0,
INTEREST: 0.0
.
2018-03-11 05:46:36,605 - transaction - INFO - 
ACCOUNT: 1234 0000 0000 0000,
ACTION: repay,
AMOUNT: 100,
INTEREST: 0
.
2018-03-11 05:49:53,930 - transaction - INFO - 
ACCOUNT : 4380 8889 1879 8356;
ACTION  : repay;
AMOUNT  : 500;
INTEREST: 0
.
2018-03-11 05:51:26,443 - transaction - INFO - 
ACCOUNT : 4380 8889 1879 8356;
ACTION  : repay;
AMOUNT  : HK$ 800;
INTEREST: HK$ 0
.
2018-03-11 05:51:57,381 - transaction - INFO - 
ACCOUNT : 4380 8889 1879 8356;
ACTION  : repay;
AMOUNT  : HK$ 50;
INTEREST: HK$ 0.
2018-03-11 05:52:17,007 - transaction - INFO - 
ACCOUNT : 4380 8889 1879 8356;
ACTION  : repay;
AMOUNT  : HK$ 45;
INTEREST: HK$ 0.
2018-03-11 05:52:32,283 - transaction - INFO - 
ACCOUNT : 4380 8889 1879 8356;
ACTION  : repay;
AMOUNT  : HK$ 45;
INTEREST: HK$ 0.
2018-03-11 05:52:36,469 - transaction - INFO - 
ACCOUNT : 4380 8889 1879 8356;
ACTION  : repay;
AMOUNT  : HK$ 10,000;
INTEREST: HK$ 0.
2018-03-11 05:52:44,456 - transaction - INFO - 
ACCOUNT : 4380 8889 1879 8356;
ACTION  : withdraw;
AMOUNT  : HK$ 1,000;
INTEREST: HK$ 50.
2018-03-11 05:53:00,994 - transaction - INFO - 
ACCOUNT : 4380 8889 1879 8356;
ACTION  : withdraw;
AMOUNT  : HK$ 1,000;
INTEREST: HK$ 50.
2018-03-11 05:53:06,369 - transaction - INFO - 
ACCOUNT : 4380 8889 1879 8356;
ACTION  : withdraw;
AMOUNT  : HK$ 1,000;
INTEREST: HK$ 50.
2018-03-11 05:53:11,994 - transaction - INFO - 
ACCOUNT : 4380 8889 1879 8356;
ACTION  : withdraw;
AMOUNT  : HK$ 200;
INTEREST: HK$ 10.
2018-03-11 06:17:22,372 - transaction - INFO - 
ACCOUNT : 1234 0000 0000 0000;
ACTION  : withdraw;
AMOUNT  : HK$ 15,000;
INTEREST: HK$ 750.
2018-03-11 06:17:31,485 - transaction - INFO - 
ACCOUNT : 1234 0000 0000 0000;
ACTION  : withdraw;
AMOUNT  : HK$ 750;
INTEREST: HK$ 37.
2018-03-11 06:18:04,935 - transaction - INFO - 
ACCOUNT : 1234 0000 0000 0000;
ACTION  : withdraw;
AMOUNT  : HK$ 5,000;
INTEREST: HK$ 250.
2018-03-11 06:21:05,338 - transaction - INFO - 
ACCOUNT : 5678 0000 0000 0000;
ACTION  : repay;
AMOUNT  : HK$ 5,000;
INTEREST: HK$ 0.
2018-03-11 06:21:26,551 - transaction - INFO - 
ACCOUNT : 5678 0000 0000 0000;
ACTION  : repay;
AMOUNT  : HK$ 50,000;
INTEREST: HK$ 0.
2018-03-11 17:04:27,290 - transaction - INFO - 
ACCOUNT : 1234 0000 0000 0000;
ACTION  : repay;
AMOUNT  : HK$ 100;
INTEREST: HK$ 0.
2018-03-11 17:05:05,339 - transaction - INFO - 
ACCOUNT : 1234 0000 0000 0000;
ACTION  : repay;
AMOUNT  : HK$ 1;
INTEREST: HK$ 0.
2018-03-11 17:05:15,228 - transaction - INFO - 
ACCOUNT : 1234 0000 0000 0000;
ACTION  : withdraw;
AMOUNT  : HK$ 10,000;
INTEREST: HK$ 500.
2018-03-11 17:05:49,065 - transaction - INFO - 
ACCOUNT : 1234 0000 0000 0000;
ACTION  : withdraw;
AMOUNT  : HK$ 5,000;
INTEREST: HK$ 250.
2018-03-11 17:05:56,453 - transaction - INFO - 
ACCOUNT : 1234 0000 0000 0000;
ACTION  : withdraw;
AMOUNT  : HK$ 500;
INTEREST: HK$ 25.
2018-03-11 17:06:05,228 - transaction - INFO - 
ACCOUNT : 1234 0000 0000 0000;
ACTION  : withdraw;
AMOUNT  : HK$ 1,000;
INTEREST: HK$ 50.
2018-03-11 19:20:17,934 - transaction - INFO - 
ACCOUNT : 5678 0000 0000 0000;
ACTION  : repay;
AMOUNT  : HK$ 1,000;
INTEREST: HK$ 0.
2018-03-11 19:20:34,633 - transaction - INFO - 
ACCOUNT : 5678 0000 0000 0000;
ACTION  : withdraw;
AMOUNT  : HK$ 22;
INTEREST: HK$ 1.
